  [1m[35m (170.4ms)[0m  [1m[35mCREATE DATABASE "coda_development" ENCODING = 'unicode'[0m
  ↳ bin/rails:9
  [1m[35m (102.3ms)[0m  [1m[35mCREATE DATABASE "coda_test" ENCODING = 'unicode'[0m
  ↳ bin/rails:9
Started GET "/" for ::1 at 2020-02-29 13:02:11 -0800
Processing by Rails::WelcomeController#index as HTML
  Rendering /Users/naveen/.rbenv/versions/2.5.1/lib/ruby/gems/2.5.0/gems/railties-5.2.4.1/lib/rails/templates/rails/welcome/index.html.erb
  Rendered /Users/naveen/.rbenv/versions/2.5.1/lib/ruby/gems/2.5.0/gems/railties-5.2.4.1/lib/rails/templates/rails/welcome/index.html.erb (2.2ms)
Completed 200 OK in 10ms (Views: 6.8ms | ActiveRecord: 0.0ms)


Started GET "/" for ::1 at 2020-02-29 13:02:37 -0800
Processing by StaticPagesController#root as HTML
  Rendering static_pages/root.html within layouts/application
  Rendered static_pages/root.html within layouts/application (0.2ms)
Completed 200 OK in 1109ms (Views: 1107.8ms | ActiveRecord: 0.0ms)


Started GET "/" for ::1 at 2020-02-29 13:02:46 -0800
Processing by StaticPagesController#root as HTML
  Rendering static_pages/root.html within layouts/application
  Rendered static_pages/root.html within layouts/application (0.2ms)
Completed 200 OK in 15ms (Views: 13.7ms | ActiveRecord: 0.0ms)


Started GET "/" for ::1 at 2020-02-29 13:02:49 -0800
Processing by StaticPagesController#root as HTML
  Rendering static_pages/root.html within layouts/application
  Rendered static_pages/root.html within layouts/application (0.2ms)
Completed 200 OK in 219ms (Views: 217.9ms | ActiveRecord: 0.0ms)


  [1m[35m (16.1ms)[0m  [1m[35mCREATE TABLE "schema_migrations" ("version" character varying NOT NULL PRIMARY KEY)[0m
  ↳ bin/rails:9
  [1m[35m (5.5ms)[0m  [1m[35mCREATE TABLE "ar_internal_metadata" ("key" character varying NOT NULL PRIMARY KEY, "value" character varying, "created_at" timestamp NOT NULL, "updated_at" timestamp NOT NULL)[0m
  ↳ bin/rails:9
  [1m[35m (0.6ms)[0m  [1m[34mSELECT pg_try_advisory_lock(2521227117932503260)[0m
  ↳ bin/rails:9
  [1m[35m (0.9ms)[0m  [1m[34mSELECT "schema_migrations"."version" FROM "schema_migrations" ORDER BY "schema_migrations"."version" ASC[0m
  ↳ bin/rails:9
Migrating to CreateUsers (20200229210628)
  [1m[35m (4.2ms)[0m  [1m[35mBEGIN[0m
  ↳ bin/rails:9
  [1m[35m (8.0ms)[0m  [1m[35mCREATE TABLE "users" ("id" bigserial primary key, "username" character varying NOT NULL, "email" character varying NOT NULL, "password_digest" character varying NOT NULL, "session_token" character varying NOT NULL, "created_at" timestamp NOT NULL, "updated_at" timestamp NOT NULL)[0m
  ↳ db/migrate/20200229210628_create_users.rb:3
  [1m[35m (1.3ms)[0m  [1m[35mCREATE UNIQUE INDEX  "index_users_on_username" ON "users"  ("username")[0m
  ↳ db/migrate/20200229210628_create_users.rb:12
  [1m[35m (0.8ms)[0m  [1m[35mCREATE UNIQUE INDEX  "index_users_on_email" ON "users"  ("email")[0m
  ↳ db/migrate/20200229210628_create_users.rb:13
  [1m[35m (0.8ms)[0m  [1m[35mCREATE UNIQUE INDEX  "index_users_on_session_token" ON "users"  ("session_token")[0m
  ↳ db/migrate/20200229210628_create_users.rb:14
  [1m[36mActiveRecord::SchemaMigration Create (0.5ms)[0m  [1m[32mINSERT INTO "schema_migrations" ("version") VALUES ($1) RETURNING "version"[0m  [["version", "20200229210628"]]
  ↳ bin/rails:9
  [1m[35m (0.3ms)[0m  [1m[35mCOMMIT[0m
  ↳ bin/rails:9
  [1m[36mActiveRecord::InternalMetadata Load (0.3ms)[0m  [1m[34mSELECT  "ar_internal_metadata".* FROM "ar_internal_metadata" WHERE "ar_internal_metadata"."key" = $1 LIMIT $2[0m  [["key", "environment"], ["LIMIT", 1]]
  ↳ bin/rails:9
  [1m[35m (0.1ms)[0m  [1m[35mBEGIN[0m
  ↳ bin/rails:9
  [1m[36mActiveRecord::InternalMetadata Create (1.4ms)[0m  [1m[32mINSERT INTO "ar_internal_metadata" ("key", "value", "created_at", "updated_at") VALUES ($1, $2, $3, $4) RETURNING "key"[0m  [["key", "environment"], ["value", "development"], ["created_at", "2020-02-29 21:17:09.046413"], ["updated_at", "2020-02-29 21:17:09.046413"]]
  ↳ bin/rails:9
  [1m[35m (0.3ms)[0m  [1m[35mCOMMIT[0m
  ↳ bin/rails:9
  [1m[35m (0.2ms)[0m  [1m[34mSELECT pg_advisory_unlock(2521227117932503260)[0m
  ↳ bin/rails:9
  [1m[35m (0.6ms)[0m  [1m[34mSELECT "schema_migrations"."version" FROM "schema_migrations" ORDER BY "schema_migrations"."version" ASC[0m
  ↳ bin/rails:9
Started GET "/" for ::1 at 2020-02-29 13:56:39 -0800
Processing by StaticPagesController#root as HTML
  Rendering static_pages/root.html within layouts/application
  Rendered static_pages/root.html within layouts/application (0.2ms)
Completed 200 OK in 166ms (Views: 164.8ms | ActiveRecord: 0.0ms)


Started POST "/api/users" for ::1 at 2020-02-29 14:01:50 -0800
  
ActionController::RoutingError (No route matches [POST] "/api/users"):
  
actionpack (5.2.4.1) lib/action_dispatch/middleware/debug_exceptions.rb:65:in `call'
web-console (3.7.0) lib/web_console/middleware.rb:135:in `call_app'
web-console (3.7.0) lib/web_console/middleware.rb:30:in `block in call'
web-console (3.7.0) lib/web_console/middleware.rb:20:in `catch'
web-console (3.7.0) lib/web_console/middleware.rb:20:in `call'
actionpack (5.2.4.1) lib/action_dispatch/middleware/show_exceptions.rb:33:in `call'
railties (5.2.4.1) lib/rails/rack/logger.rb:38:in `call_app'
railties (5.2.4.1) lib/rails/rack/logger.rb:26:in `block in call'
activesupport (5.2.4.1) lib/active_support/tagged_logging.rb:71:in `block in tagged'
activesupport (5.2.4.1) lib/active_support/tagged_logging.rb:28:in `tagged'
activesupport (5.2.4.1) lib/active_support/tagged_logging.rb:71:in `tagged'
railties (5.2.4.1) lib/rails/rack/logger.rb:26:in `call'
sprockets-rails (3.2.1) lib/sprockets/rails/quiet_assets.rb:13:in `call'
actionpack (5.2.4.1) lib/action_dispatch/middleware/remote_ip.rb:81:in `call'
actionpack (5.2.4.1) lib/action_dispatch/middleware/request_id.rb:27:in `call'
rack (2.2.2) lib/rack/method_override.rb:24:in `call'
rack (2.2.2) lib/rack/runtime.rb:22:in `call'
activesupport (5.2.4.1) lib/active_support/cache/strategy/local_cache_middleware.rb:29:in `call'
actionpack (5.2.4.1) lib/action_dispatch/middleware/executor.rb:14:in `call'
actionpack (5.2.4.1) lib/action_dispatch/middleware/static.rb:127:in `call'
rack (2.2.2) lib/rack/sendfile.rb:110:in `call'
railties (5.2.4.1) lib/rails/engine.rb:524:in `call'
puma (3.12.4) lib/puma/configuration.rb:227:in `call'
puma (3.12.4) lib/puma/server.rb:675:in `handle_request'
puma (3.12.4) lib/puma/server.rb:476:in `process_client'
puma (3.12.4) lib/puma/server.rb:334:in `block in run'
puma (3.12.4) lib/puma/thread_pool.rb:135:in `block in spawn_thread'
Started GET "/" for ::1 at 2020-02-29 14:03:52 -0800
Processing by StaticPagesController#root as HTML
  Rendering static_pages/root.html within layouts/application
  Rendered static_pages/root.html within layouts/application (0.2ms)
Completed 200 OK in 23ms (Views: 22.0ms | ActiveRecord: 0.0ms)


Started POST "/api/users" for ::1 at 2020-02-29 14:03:55 -0800
Processing by Api::UsersController#create as JSON
  Parameters: {"user"=>{"username"=>"datboi1", "email"=>"datboi1@oshit.com", "password"=>"[FILTERED]"}}
  [1m[35m (0.2ms)[0m  [1m[35mBEGIN[0m
  ↳ app/controllers/api/users_controller.rb:4
  [1m[36mUser Exists (0.9ms)[0m  [1m[34mSELECT  1 AS one FROM "users" WHERE "users"."username" = $1 LIMIT $2[0m  [["username", "datboi1"], ["LIMIT", 1]]
  ↳ app/controllers/api/users_controller.rb:4
  [1m[36mUser Create (0.5ms)[0m  [1m[32mINSERT INTO "users" ("username", "email", "password_digest", "session_token", "created_at", "updated_at") VALUES ($1, $2, $3, $4, $5, $6) RETURNING "id"[0m  [["username", "datboi1"], ["email", "datboi1@oshit.com"], ["password_digest", "$2a$12$300BUHtgjVxLGMZaJ.Ksb.2wx5fNXtWuIk.AbltyZRVXokJcDKYoy"], ["session_token", "vUzQC6oi4bed90OHPuLXFw"], ["created_at", "2020-02-29 22:03:55.633478"], ["updated_at", "2020-02-29 22:03:55.633478"]]
  ↳ app/controllers/api/users_controller.rb:4
  [1m[35m (0.7ms)[0m  [1m[35mCOMMIT[0m
  ↳ app/controllers/api/users_controller.rb:4
  Rendering api/users/show.json.jbuilder
  Rendered api/users/show.json.jbuilder (0.3ms)
Completed 200 OK in 205ms (Views: 4.6ms | ActiveRecord: 10.2ms)


Started POST "/api/users" for ::1 at 2020-02-29 14:04:18 -0800
Processing by Api::UsersController#create as JSON
  Parameters: {"user"=>{"username"=>"datboi2", "email"=>"datboi2@oshit.com", "password"=>"[FILTERED]"}}
  [1m[35m (0.2ms)[0m  [1m[35mBEGIN[0m
  ↳ app/controllers/api/users_controller.rb:4
  [1m[36mUser Exists (0.2ms)[0m  [1m[34mSELECT  1 AS one FROM "users" WHERE "users"."username" = $1 LIMIT $2[0m  [["username", "datboi2"], ["LIMIT", 1]]
  ↳ app/controllers/api/users_controller.rb:4
  [1m[36mUser Create (0.2ms)[0m  [1m[32mINSERT INTO "users" ("username", "email", "password_digest", "session_token", "created_at", "updated_at") VALUES ($1, $2, $3, $4, $5, $6) RETURNING "id"[0m  [["username", "datboi2"], ["email", "datboi2@oshit.com"], ["password_digest", "$2a$12$2fUweqGQFGZZkn7GrqCKGuU/6Ak3n21HKaplDuNykycXaq4JiYdGG"], ["session_token", "r2POgiQ1xk2h8TscIP4Kbw"], ["created_at", "2020-02-29 22:04:19.006417"], ["updated_at", "2020-02-29 22:04:19.006417"]]
  ↳ app/controllers/api/users_controller.rb:4
  [1m[35m (0.7ms)[0m  [1m[35mCOMMIT[0m
  ↳ app/controllers/api/users_controller.rb:4
  Rendering api/users/show.json.jbuilder
  Rendered api/users/show.json.jbuilder (0.2ms)
Completed 200 OK in 195ms (Views: 4.2ms | ActiveRecord: 1.4ms)


Started POST "/api/session" for ::1 at 2020-02-29 14:05:44 -0800

SyntaxError - syntax error, unexpected ',', expecting keyword_end
    , only: [:create]
    ^
/Users/naveen/Documents/MyAdminLabs/coda/CodaApp/coda/config/routes.rb:10: syntax error, unexpected keyword_end, expecting end-of-input:
  config/routes.rb:7:in `'

Started POST "/api/session" for ::1 at 2020-02-29 14:05:55 -0800

NameError - uninitialized constant Api::SessionsController:

Started GET "/" for ::1 at 2020-02-29 14:07:48 -0800
Processing by StaticPagesController#root as HTML
  Rendering static_pages/root.html within layouts/application
  Rendered static_pages/root.html within layouts/application (0.2ms)
Completed 200 OK in 162ms (Views: 160.9ms | ActiveRecord: 0.0ms)


Started POST "/api/users" for ::1 at 2020-02-29 14:07:52 -0800
Processing by Api::UsersController#create as JSON
  Parameters: {"user"=>{"username"=>"datboi2", "email"=>"datboi2@oshit.com", "password"=>"[FILTERED]"}}
  [1m[35m (0.3ms)[0m  [1m[35mBEGIN[0m
  ↳ app/controllers/api/users_controller.rb:4
  [1m[36mUser Exists (0.9ms)[0m  [1m[34mSELECT  1 AS one FROM "users" WHERE "users"."username" = $1 LIMIT $2[0m  [["username", "datboi2"], ["LIMIT", 1]]
  ↳ app/controllers/api/users_controller.rb:4
  [1m[35m (3.6ms)[0m  [1m[31mROLLBACK[0m
  ↳ app/controllers/api/users_controller.rb:4
Completed 422 Unprocessable Entity in 220ms (Views: 0.1ms | ActiveRecord: 12.5ms)


Started GET "/" for ::1 at 2020-02-29 14:07:54 -0800
Processing by StaticPagesController#root as HTML
  Rendering static_pages/root.html within layouts/application
  Rendered static_pages/root.html within layouts/application (0.3ms)
Completed 200 OK in 20ms (Views: 18.8ms | ActiveRecord: 0.0ms)


Started POST "/api/users" for ::1 at 2020-02-29 14:08:03 -0800
Processing by Api::UsersController#create as JSON
  Parameters: {"user"=>{"username"=>"datboi3", "email"=>"datboi3@oshit.com", "password"=>"[FILTERED]"}}
  [1m[35m (0.2ms)[0m  [1m[35mBEGIN[0m
  ↳ app/controllers/api/users_controller.rb:4
  [1m[36mUser Exists (1.0ms)[0m  [1m[34mSELECT  1 AS one FROM "users" WHERE "users"."username" = $1 LIMIT $2[0m  [["username", "datboi3"], ["LIMIT", 1]]
  ↳ app/controllers/api/users_controller.rb:4
  [1m[36mUser Create (0.4ms)[0m  [1m[32mINSERT INTO "users" ("username", "email", "password_digest", "session_token", "created_at", "updated_at") VALUES ($1, $2, $3, $4, $5, $6) RETURNING "id"[0m  [["username", "datboi3"], ["email", "datboi3@oshit.com"], ["password_digest", "$2a$12$UOlDOJqM.GdR1bvd9z/CROkWOS2CleAlhvmJGonqMe5bVz4oAgjk6"], ["session_token", "mvm5AZ9E8GBFstpeNjC4Iw"], ["created_at", "2020-02-29 22:08:04.088138"], ["updated_at", "2020-02-29 22:08:04.088138"]]
  ↳ app/controllers/api/users_controller.rb:4
  [1m[35m (0.6ms)[0m  [1m[35mCOMMIT[0m
  ↳ app/controllers/api/users_controller.rb:4
  Rendering api/users/show.json.jbuilder
  Rendered api/users/show.json.jbuilder (0.4ms)
Completed 200 OK in 195ms (Views: 5.1ms | ActiveRecord: 2.3ms)


Started POST "/api/session" for ::1 at 2020-02-29 14:08:14 -0800
Processing by Api::SessionsController#create as JSON
  Parameters: {"user"=>{"username"=>"datboi3", "email"=>"datboi3@oshit.com", "password"=>"[FILTERED]"}}
  [1m[36mUser Load (0.3ms)[0m  [1m[34mSELECT  "users".* FROM "users" WHERE "users"."username" = $1 LIMIT $2[0m  [["username", "datboi3"], ["LIMIT", 1]]
  ↳ app/models/user.rb:16
  Rendering api/users/show.json.jbuilder
  Rendered api/users/show.json.jbuilder (0.4ms)
Completed 200 OK in 195ms (Views: 4.7ms | ActiveRecord: 0.4ms)


Started DELETE "/api/session" for ::1 at 2020-02-29 14:08:38 -0800
Processing by Api::SessionsController#destroy as JSON
  [1m[36mUser Load (0.3ms)[0m  [1m[34mSELECT  "users".* FROM "users" WHERE "users"."session_token" = $1 LIMIT $2[0m  [["session_token", "mvm5AZ9E8GBFstpeNjC4Iw"], ["LIMIT", 1]]
  ↳ app/controllers/application_controller.rb:4
  [1m[35m (0.1ms)[0m  [1m[35mBEGIN[0m
  ↳ app/models/user.rb:31
  [1m[36mUser Exists (1.3ms)[0m  [1m[34mSELECT  1 AS one FROM "users" WHERE "users"."username" = $1 AND "users"."id" != $2 LIMIT $3[0m  [["username", "datboi3"], ["id", 3], ["LIMIT", 1]]
  ↳ app/models/user.rb:31
  [1m[36mUser Update (0.5ms)[0m  [1m[33mUPDATE "users" SET "session_token" = $1, "updated_at" = $2 WHERE "users"."id" = $3[0m  [["session_token", "CwXjpmusxAqxRHqEYct69Q"], ["updated_at", "2020-02-29 22:08:38.119110"], ["id", 3]]
  ↳ app/models/user.rb:31
  [1m[35m (0.3ms)[0m  [1m[35mCOMMIT[0m
  ↳ app/models/user.rb:31
Completed 200 OK in 6ms (Views: 0.1ms | ActiveRecord: 2.5ms)


Started DELETE "/api/session" for ::1 at 2020-02-29 14:08:41 -0800
Processing by Api::SessionsController#destroy as JSON
Completed 404 Not Found in 1ms (Views: 0.1ms | ActiveRecord: 0.0ms)


Started GET "/" for ::1 at 2020-02-29 14:17:00 -0800
Processing by StaticPagesController#root as HTML
  Rendering static_pages/root.html within layouts/application
  Rendered static_pages/root.html within layouts/application (0.2ms)
Completed 200 OK in 222ms (Views: 220.4ms | ActiveRecord: 0.0ms)


Started POST "/api/users" for ::1 at 2020-02-29 14:17:14 -0800
Processing by Api::UsersController#create as JSON
  Parameters: {"user"=>{"username"=>"coolnav1", "email"=>"coolnav1@cool.com", "password"=>"[FILTERED]"}}
  [1m[35m (0.2ms)[0m  [1m[35mBEGIN[0m
  ↳ app/controllers/api/users_controller.rb:4
  [1m[36mUser Exists (1.1ms)[0m  [1m[34mSELECT  1 AS one FROM "users" WHERE "users"."username" = $1 LIMIT $2[0m  [["username", "coolnav1"], ["LIMIT", 1]]
  ↳ app/controllers/api/users_controller.rb:4
  [1m[36mUser Create (0.4ms)[0m  [1m[32mINSERT INTO "users" ("username", "email", "password_digest", "session_token", "created_at", "updated_at") VALUES ($1, $2, $3, $4, $5, $6) RETURNING "id"[0m  [["username", "coolnav1"], ["email", "coolnav1@cool.com"], ["password_digest", "$2a$12$aQT93D4Dkcq7SuDrR3GQteTBX1n1H3ioNvthkBdRR3lOpqeNtlZT6"], ["session_token", "0wytVr2CyTVEiPlfqW74tg"], ["created_at", "2020-02-29 22:17:14.616372"], ["updated_at", "2020-02-29 22:17:14.616372"]]
  ↳ app/controllers/api/users_controller.rb:4
  [1m[35m (0.6ms)[0m  [1m[35mCOMMIT[0m
  ↳ app/controllers/api/users_controller.rb:4
  Rendering api/users/show.json.jbuilder
  Rendered api/users/show.json.jbuilder (0.3ms)
Completed 200 OK in 199ms (Views: 4.5ms | ActiveRecord: 2.3ms)


Started POST "/api/session" for ::1 at 2020-02-29 14:17:23 -0800
Processing by Api::SessionsController#create as JSON
  Parameters: {"user"=>{"username"=>"coolnav1", "email"=>"coolnav1@cool.com", "password"=>"[FILTERED]"}}
  [1m[36mUser Load (0.2ms)[0m  [1m[34mSELECT  "users".* FROM "users" WHERE "users"."username" = $1 LIMIT $2[0m  [["username", "coolnav1"], ["LIMIT", 1]]
  ↳ app/models/user.rb:16
  Rendering api/users/show.json.jbuilder
  Rendered api/users/show.json.jbuilder (0.3ms)
Completed 200 OK in 191ms (Views: 4.5ms | ActiveRecord: 0.4ms)


Started DELETE "/api/session" for ::1 at 2020-02-29 14:17:26 -0800
Processing by Api::SessionsController#destroy as JSON
  [1m[36mUser Load (0.2ms)[0m  [1m[34mSELECT  "users".* FROM "users" WHERE "users"."session_token" = $1 LIMIT $2[0m  [["session_token", "0wytVr2CyTVEiPlfqW74tg"], ["LIMIT", 1]]
  ↳ app/controllers/application_controller.rb:4
  [1m[35m (0.1ms)[0m  [1m[35mBEGIN[0m
  ↳ app/models/user.rb:31
  [1m[36mUser Exists (0.3ms)[0m  [1m[34mSELECT  1 AS one FROM "users" WHERE "users"."username" = $1 AND "users"."id" != $2 LIMIT $3[0m  [["username", "coolnav1"], ["id", 4], ["LIMIT", 1]]
  ↳ app/models/user.rb:31
  [1m[36mUser Update (0.4ms)[0m  [1m[33mUPDATE "users" SET "session_token" = $1, "updated_at" = $2 WHERE "users"."id" = $3[0m  [["session_token", "sCdudZj5EF3ymFhp4jFO2A"], ["updated_at", "2020-02-29 22:17:26.469546"], ["id", 4]]
  ↳ app/models/user.rb:31
  [1m[35m (0.6ms)[0m  [1m[35mCOMMIT[0m
  ↳ app/models/user.rb:31
Completed 200 OK in 5ms (Views: 0.1ms | ActiveRecord: 1.7ms)


Started DELETE "/api/session" for ::1 at 2020-02-29 14:17:29 -0800
Processing by Api::SessionsController#destroy as JSON
Completed 404 Not Found in 1ms (Views: 0.1ms | ActiveRecord: 0.0ms)


Started POST "/api/session" for ::1 at 2020-02-29 14:17:32 -0800
Processing by Api::SessionsController#create as JSON
  Parameters: {"user"=>{"username"=>"coolnav1", "email"=>"coolnav1@cool.com", "password"=>"[FILTERED]"}}
  [1m[36mUser Load (0.3ms)[0m  [1m[34mSELECT  "users".* FROM "users" WHERE "users"."username" = $1 LIMIT $2[0m  [["username", "coolnav1"], ["LIMIT", 1]]
  ↳ app/models/user.rb:16
  Rendering api/users/show.json.jbuilder
  Rendered api/users/show.json.jbuilder (0.3ms)
Completed 200 OK in 188ms (Views: 4.2ms | ActiveRecord: 0.3ms)


Started DELETE "/api/session" for ::1 at 2020-02-29 14:17:36 -0800
Processing by Api::SessionsController#destroy as JSON
  [1m[36mUser Load (0.3ms)[0m  [1m[34mSELECT  "users".* FROM "users" WHERE "users"."session_token" = $1 LIMIT $2[0m  [["session_token", "sCdudZj5EF3ymFhp4jFO2A"], ["LIMIT", 1]]
  ↳ app/controllers/application_controller.rb:4
  [1m[35m (0.1ms)[0m  [1m[35mBEGIN[0m
  ↳ app/models/user.rb:31
  [1m[36mUser Exists (0.3ms)[0m  [1m[34mSELECT  1 AS one FROM "users" WHERE "users"."username" = $1 AND "users"."id" != $2 LIMIT $3[0m  [["username", "coolnav1"], ["id", 4], ["LIMIT", 1]]
  ↳ app/models/user.rb:31
  [1m[36mUser Update (0.3ms)[0m  [1m[33mUPDATE "users" SET "session_token" = $1, "updated_at" = $2 WHERE "users"."id" = $3[0m  [["session_token", "SnXPI9z2dDUMGljOnH2faQ"], ["updated_at", "2020-02-29 22:17:36.256588"], ["id", 4]]
  ↳ app/models/user.rb:31
  [1m[35m (0.5ms)[0m  [1m[35mCOMMIT[0m
  ↳ app/models/user.rb:31
Completed 200 OK in 4ms (Views: 0.1ms | ActiveRecord: 1.5ms)


Started DELETE "/api/session" for ::1 at 2020-02-29 14:17:39 -0800
Processing by Api::SessionsController#destroy as JSON
Completed 404 Not Found in 1ms (Views: 0.1ms | ActiveRecord: 0.0ms)


Started POST "/api/session" for ::1 at 2020-02-29 14:17:43 -0800
Processing by Api::SessionsController#create as JSON
  Parameters: {"user"=>{"username"=>"coolnav1", "email"=>"coolnav1@cool.com", "password"=>"[FILTERED]"}}
  [1m[36mUser Load (0.3ms)[0m  [1m[34mSELECT  "users".* FROM "users" WHERE "users"."username" = $1 LIMIT $2[0m  [["username", "coolnav1"], ["LIMIT", 1]]
  ↳ app/models/user.rb:16
  Rendering api/users/show.json.jbuilder
  Rendered api/users/show.json.jbuilder (0.3ms)
Completed 200 OK in 193ms (Views: 4.4ms | ActiveRecord: 0.3ms)


Started POST "/api/session" for ::1 at 2020-02-29 14:17:45 -0800
Processing by Api::SessionsController#create as JSON
  Parameters: {"user"=>{"username"=>"coolnav1", "email"=>"coolnav1@cool.com", "password"=>"[FILTERED]"}}
  [1m[36mUser Load (0.2ms)[0m  [1m[34mSELECT  "users".* FROM "users" WHERE "users"."username" = $1 LIMIT $2[0m  [["username", "coolnav1"], ["LIMIT", 1]]
  ↳ app/models/user.rb:16
  Rendering api/users/show.json.jbuilder
  Rendered api/users/show.json.jbuilder (0.3ms)
Completed 200 OK in 192ms (Views: 4.3ms | ActiveRecord: 0.2ms)


Started GET "/" for ::1 at 2020-02-29 14:17:48 -0800
Processing by StaticPagesController#root as HTML
  Rendering static_pages/root.html within layouts/application
  Rendered static_pages/root.html within layouts/application (0.2ms)
Completed 200 OK in 19ms (Views: 17.2ms | ActiveRecord: 0.0ms)


Started GET "/" for ::1 at 2020-02-29 19:19:02 -0800
Processing by StaticPagesController#root as HTML
  Rendering static_pages/root.html within layouts/application
  Rendered static_pages/root.html within layouts/application (0.2ms)
Completed 200 OK in 244ms (Views: 242.2ms | ActiveRecord: 0.0ms)


Started GET "/" for ::1 at 2020-02-29 19:19:48 -0800
Processing by StaticPagesController#root as HTML
  Rendering static_pages/root.html within layouts/application
  Rendered static_pages/root.html within layouts/application (0.2ms)
Completed 200 OK in 227ms (Views: 225.6ms | ActiveRecord: 0.0ms)


Started POST "/api/users" for ::1 at 2020-02-29 19:21:29 -0800
Processing by Api::UsersController#create as JSON
  Parameters: {"user"=>{"username"=>"6969buffypussyslayer1", "email"=>"6969buffypussyslayer1", "password"=>"[FILTERED]"}}
  [1m[35m (0.1ms)[0m  [1m[35mBEGIN[0m
  ↳ app/controllers/api/users_controller.rb:4
  [1m[36mUser Exists (1.1ms)[0m  [1m[34mSELECT  1 AS one FROM "users" WHERE "users"."username" = $1 LIMIT $2[0m  [["username", "6969buffypussyslayer1"], ["LIMIT", 1]]
  ↳ app/controllers/api/users_controller.rb:4
  [1m[36mUser Create (0.5ms)[0m  [1m[32mINSERT INTO "users" ("username", "email", "password_digest", "session_token", "created_at", "updated_at") VALUES ($1, $2, $3, $4, $5, $6) RETURNING "id"[0m  [["username", "6969buffypussyslayer1"], ["email", "6969buffypussyslayer1"], ["password_digest", "$2a$12$LJ/maCl4P0HavA./a6.t/.olpbW/GbXjn2mZ9p1z.N2P.gfHHYgty"], ["session_token", "dwmTtI2COXEzMEtgmfq1Jw"], ["created_at", "2020-03-01 03:21:29.415083"], ["updated_at", "2020-03-01 03:21:29.415083"]]
  ↳ app/controllers/api/users_controller.rb:4
  [1m[35m (1.4ms)[0m  [1m[35mCOMMIT[0m
  ↳ app/controllers/api/users_controller.rb:4
  Rendering api/users/show.json.jbuilder
  Rendered api/users/show.json.jbuilder (0.3ms)
Completed 200 OK in 192ms (Views: 8.2ms | ActiveRecord: 3.2ms)


Started POST "/api/session" for ::1 at 2020-02-29 19:22:00 -0800
Processing by Api::SessionsController#create as JSON
  Parameters: {"user"=>{"username"=>"6969buffypussyslayer1", "email"=>"6969buffypussyslayer1", "password"=>"[FILTERED]"}}
  [1m[36mUser Load (0.3ms)[0m  [1m[34mSELECT  "users".* FROM "users" WHERE "users"."username" = $1 LIMIT $2[0m  [["username", "6969buffypussyslayer1"], ["LIMIT", 1]]
  ↳ app/models/user.rb:16
  Rendering api/users/show.json.jbuilder
  Rendered api/users/show.json.jbuilder (0.3ms)
Completed 200 OK in 182ms (Views: 4.1ms | ActiveRecord: 0.4ms)


Started DELETE "/api/session" for ::1 at 2020-02-29 19:22:13 -0800
Processing by Api::SessionsController#destroy as JSON
  [1m[36mUser Load (0.3ms)[0m  [1m[34mSELECT  "users".* FROM "users" WHERE "users"."session_token" = $1 LIMIT $2[0m  [["session_token", "dwmTtI2COXEzMEtgmfq1Jw"], ["LIMIT", 1]]
  ↳ app/controllers/application_controller.rb:4
  [1m[35m (0.1ms)[0m  [1m[35mBEGIN[0m
  ↳ app/models/user.rb:31
  [1m[36mUser Exists (0.3ms)[0m  [1m[34mSELECT  1 AS one FROM "users" WHERE "users"."username" = $1 AND "users"."id" != $2 LIMIT $3[0m  [["username", "6969buffypussyslayer1"], ["id", 5], ["LIMIT", 1]]
  ↳ app/models/user.rb:31
  [1m[36mUser Update (0.4ms)[0m  [1m[33mUPDATE "users" SET "session_token" = $1, "updated_at" = $2 WHERE "users"."id" = $3[0m  [["session_token", "mUgpALa02OpAmYO1zOLlbA"], ["updated_at", "2020-03-01 03:22:13.370554"], ["id", 5]]
  ↳ app/models/user.rb:31
  [1m[35m (0.5ms)[0m  [1m[35mCOMMIT[0m
  ↳ app/models/user.rb:31
Completed 200 OK in 5ms (Views: 0.1ms | ActiveRecord: 1.7ms)


Started DELETE "/api/session" for ::1 at 2020-02-29 19:22:28 -0800
Processing by Api::SessionsController#destroy as JSON
Completed 404 Not Found in 1ms (Views: 0.1ms | ActiveRecord: 0.0ms)


Started GET "/" for ::1 at 2020-02-29 19:26:17 -0800
Processing by StaticPagesController#root as HTML
  Rendering static_pages/root.html within layouts/application
  Rendered static_pages/root.html within layouts/application (0.2ms)
Completed 200 OK in 20ms (Views: 18.8ms | ActiveRecord: 0.0ms)


Started POST "/api/session" for ::1 at 2020-02-29 19:26:35 -0800
Processing by Api::SessionsController#create as JSON
  Parameters: {"user"=>{"username"=>"6969buffypussyslayer1", "email"=>"6969buffypussyslayer1", "password"=>"[FILTERED]"}}
  [1m[36mUser Load (0.7ms)[0m  [1m[34mSELECT  "users".* FROM "users" WHERE "users"."username" = $1 LIMIT $2[0m  [["username", "6969buffypussyslayer1"], ["LIMIT", 1]]
  ↳ app/models/user.rb:16
  Rendering api/users/show.json.jbuilder
  Rendered api/users/show.json.jbuilder (0.3ms)
Completed 200 OK in 188ms (Views: 4.2ms | ActiveRecord: 0.9ms)


Started DELETE "/api/session" for ::1 at 2020-02-29 19:26:51 -0800
Processing by Api::SessionsController#destroy as JSON
  [1m[36mUser Load (0.4ms)[0m  [1m[34mSELECT  "users".* FROM "users" WHERE "users"."session_token" = $1 LIMIT $2[0m  [["session_token", "mUgpALa02OpAmYO1zOLlbA"], ["LIMIT", 1]]
  ↳ app/controllers/application_controller.rb:4
  [1m[35m (0.2ms)[0m  [1m[35mBEGIN[0m
  ↳ app/models/user.rb:31
  [1m[36mUser Exists (0.4ms)[0m  [1m[34mSELECT  1 AS one FROM "users" WHERE "users"."username" = $1 AND "users"."id" != $2 LIMIT $3[0m  [["username", "6969buffypussyslayer1"], ["id", 5], ["LIMIT", 1]]
  ↳ app/models/user.rb:31
  [1m[36mUser Update (0.6ms)[0m  [1m[33mUPDATE "users" SET "session_token" = $1, "updated_at" = $2 WHERE "users"."id" = $3[0m  [["session_token", "HdAA9Ug90SdCeVzXIGSg3g"], ["updated_at", "2020-03-01 03:26:51.890494"], ["id", 5]]
  ↳ app/models/user.rb:31
  [1m[35m (0.6ms)[0m  [1m[35mCOMMIT[0m
  ↳ app/models/user.rb:31
Completed 200 OK in 6ms (Views: 0.1ms | ActiveRecord: 2.1ms)


Started GET "/" for ::1 at 2020-02-29 20:18:17 -0800
Processing by StaticPagesController#root as HTML
  Rendering static_pages/root.html within layouts/application
  Rendered static_pages/root.html within layouts/application (0.2ms)
Completed 200 OK in 298ms (Views: 296.8ms | ActiveRecord: 0.0ms)


Started GET "/" for ::1 at 2020-02-29 20:18:54 -0800
Processing by StaticPagesController#root as HTML
  Rendering static_pages/root.html within layouts/application
  Rendered static_pages/root.html within layouts/application (0.2ms)
Completed 200 OK in 254ms (Views: 252.4ms | ActiveRecord: 0.0ms)


Started GET "/" for ::1 at 2020-02-29 20:19:55 -0800
Processing by StaticPagesController#root as HTML
  Rendering static_pages/root.html within layouts/application
  Rendered static_pages/root.html within layouts/application (0.2ms)
Completed 200 OK in 245ms (Views: 243.6ms | ActiveRecord: 0.0ms)


Started GET "/" for ::1 at 2020-02-29 20:20:21 -0800
Processing by StaticPagesController#root as HTML
  Rendering static_pages/root.html within layouts/application
  Rendered static_pages/root.html within layouts/application (0.2ms)
Completed 200 OK in 264ms (Views: 262.3ms | ActiveRecord: 0.0ms)


Started GET "/" for ::1 at 2020-02-29 20:20:41 -0800
Processing by StaticPagesController#root as HTML
  Rendering static_pages/root.html within layouts/application
  Rendered static_pages/root.html within layouts/application (0.4ms)
Completed 200 OK in 276ms (Views: 274.4ms | ActiveRecord: 0.0ms)


Started POST "/api/session" for ::1 at 2020-02-29 20:20:57 -0800
Processing by Api::SessionsController#create as JSON
  Parameters: {"user"=>{"username"=>"6969buffypussyslayer1", "email"=>"6969buffypussyslayer1", "password"=>"[FILTERED]"}}
  [1m[36mUser Load (1.1ms)[0m  [1m[34mSELECT  "users".* FROM "users" WHERE "users"."username" = $1 LIMIT $2[0m  [["username", "6969buffypussyslayer1"], ["LIMIT", 1]]
  ↳ app/models/user.rb:16
  Rendering api/users/show.json.jbuilder
  Rendered api/users/show.json.jbuilder (0.3ms)
Completed 200 OK in 190ms (Views: 4.2ms | ActiveRecord: 1.2ms)


Started DELETE "/api/session" for ::1 at 2020-02-29 20:21:53 -0800
Processing by Api::SessionsController#destroy as JSON
  [1m[36mUser Load (0.3ms)[0m  [1m[34mSELECT  "users".* FROM "users" WHERE "users"."session_token" = $1 LIMIT $2[0m  [["session_token", "HdAA9Ug90SdCeVzXIGSg3g"], ["LIMIT", 1]]
  ↳ app/controllers/application_controller.rb:4
  [1m[35m (0.1ms)[0m  [1m[35mBEGIN[0m
  ↳ app/models/user.rb:31
  [1m[36mUser Exists (0.3ms)[0m  [1m[34mSELECT  1 AS one FROM "users" WHERE "users"."username" = $1 AND "users"."id" != $2 LIMIT $3[0m  [["username", "6969buffypussyslayer1"], ["id", 5], ["LIMIT", 1]]
  ↳ app/models/user.rb:31
  [1m[36mUser Update (0.5ms)[0m  [1m[33mUPDATE "users" SET "session_token" = $1, "updated_at" = $2 WHERE "users"."id" = $3[0m  [["session_token", "kW1ESIdLAFzAjhBoUrHyBA"], ["updated_at", "2020-03-01 04:21:53.908828"], ["id", 5]]
  ↳ app/models/user.rb:31
  [1m[35m (0.6ms)[0m  [1m[35mCOMMIT[0m
  ↳ app/models/user.rb:31
Completed 200 OK in 5ms (Views: 0.1ms | ActiveRecord: 1.8ms)


Started GET "/" for ::1 at 2020-02-29 20:24:06 -0800
Processing by StaticPagesController#root as HTML
  Rendering static_pages/root.html within layouts/application
  Rendered static_pages/root.html within layouts/application (0.2ms)
Completed 200 OK in 253ms (Views: 251.5ms | ActiveRecord: 0.0ms)


Started GET "/" for ::1 at 2020-02-29 20:26:48 -0800
Processing by StaticPagesController#root as HTML
  Rendering static_pages/root.html within layouts/application
  Rendered static_pages/root.html within layouts/application (0.2ms)
Completed 200 OK in 25ms (Views: 23.2ms | ActiveRecord: 0.0ms)


Started GET "/" for ::1 at 2020-02-29 20:26:49 -0800
Processing by StaticPagesController#root as HTML
  Rendering static_pages/root.html within layouts/application
  Rendered static_pages/root.html within layouts/application (0.2ms)
Completed 200 OK in 19ms (Views: 17.6ms | ActiveRecord: 0.0ms)


Started GET "/" for ::1 at 2020-02-29 20:27:31 -0800
Processing by StaticPagesController#root as HTML
  Rendering static_pages/root.html within layouts/application
  Rendered static_pages/root.html within layouts/application (0.2ms)
Completed 200 OK in 21ms (Views: 19.2ms | ActiveRecord: 0.0ms)


Started GET "/" for ::1 at 2020-02-29 20:27:32 -0800
Processing by StaticPagesController#root as HTML
  Rendering static_pages/root.html within layouts/application
  Rendered static_pages/root.html within layouts/application (0.2ms)
Completed 200 OK in 19ms (Views: 18.0ms | ActiveRecord: 0.0ms)


Started GET "/" for ::1 at 2020-02-29 20:28:01 -0800
Processing by StaticPagesController#root as HTML
  Rendering static_pages/root.html within layouts/application
  Rendered static_pages/root.html within layouts/application (0.2ms)
Completed 200 OK in 19ms (Views: 17.7ms | ActiveRecord: 0.0ms)


Started GET "/" for ::1 at 2020-02-29 20:28:02 -0800
Processing by StaticPagesController#root as HTML
  Rendering static_pages/root.html within layouts/application
  Rendered static_pages/root.html within layouts/application (0.2ms)
Completed 200 OK in 272ms (Views: 270.8ms | ActiveRecord: 0.0ms)


Started GET "/" for ::1 at 2020-02-29 20:29:11 -0800
Processing by StaticPagesController#root as HTML
  Rendering static_pages/root.html within layouts/application
  Rendered static_pages/root.html within layouts/application (0.2ms)
Completed 200 OK in 19ms (Views: 18.1ms | ActiveRecord: 0.0ms)


Started GET "/" for ::1 at 2020-02-29 20:29:12 -0800
Processing by StaticPagesController#root as HTML
  Rendering static_pages/root.html within layouts/application
  Rendered static_pages/root.html within layouts/application (0.2ms)
Completed 200 OK in 20ms (Views: 18.9ms | ActiveRecord: 0.0ms)


Started GET "/" for ::1 at 2020-02-29 20:29:14 -0800
Processing by StaticPagesController#root as HTML
  Rendering static_pages/root.html within layouts/application
  Rendered static_pages/root.html within layouts/application (0.2ms)
Completed 200 OK in 20ms (Views: 18.6ms | ActiveRecord: 0.0ms)


Started GET "/" for ::1 at 2020-02-29 20:34:33 -0800
Processing by StaticPagesController#root as HTML
  Rendering static_pages/root.html within layouts/application
  Rendered static_pages/root.html within layouts/application (0.2ms)
Completed 200 OK in 21ms (Views: 19.5ms | ActiveRecord: 0.0ms)


Started GET "/" for ::1 at 2020-02-29 20:34:34 -0800
Processing by StaticPagesController#root as HTML
  Rendering static_pages/root.html within layouts/application
  Rendered static_pages/root.html within layouts/application (0.2ms)
Completed 200 OK in 20ms (Views: 18.2ms | ActiveRecord: 0.0ms)


Started GET "/" for ::1 at 2020-02-29 20:34:35 -0800
Processing by StaticPagesController#root as HTML
  Rendering static_pages/root.html within layouts/application
  Rendered static_pages/root.html within layouts/application (0.2ms)
Completed 200 OK in 19ms (Views: 17.8ms | ActiveRecord: 0.0ms)


Started GET "/" for ::1 at 2020-02-29 20:34:55 -0800
Processing by StaticPagesController#root as HTML
  Rendering static_pages/root.html within layouts/application
  Rendered static_pages/root.html within layouts/application (0.2ms)
Completed 200 OK in 18ms (Views: 16.5ms | ActiveRecord: 0.0ms)


Started GET "/" for ::1 at 2020-02-29 20:34:55 -0800
Processing by StaticPagesController#root as HTML
  Rendering static_pages/root.html within layouts/application
  Rendered static_pages/root.html within layouts/application (0.2ms)
Completed 200 OK in 23ms (Views: 21.9ms | ActiveRecord: 0.0ms)


Started GET "/" for ::1 at 2020-02-29 20:34:56 -0800
Processing by StaticPagesController#root as HTML
  Rendering static_pages/root.html within layouts/application
  Rendered static_pages/root.html within layouts/application (0.2ms)
Completed 200 OK in 19ms (Views: 17.8ms | ActiveRecord: 0.0ms)


Started GET "/" for ::1 at 2020-02-29 20:34:56 -0800
Processing by StaticPagesController#root as HTML
  Rendering static_pages/root.html within layouts/application
  Rendered static_pages/root.html within layouts/application (0.2ms)
Completed 200 OK in 18ms (Views: 16.4ms | ActiveRecord: 0.0ms)


Started POST "/api/session" for ::1 at 2020-02-29 20:39:30 -0800
Processing by Api::SessionsController#create as JSON
  Parameters: {"user"=>{"username"=>"6969buffypussyslayer1", "email"=>"6969buffypussyslayer1", "password"=>"[FILTERED]"}}
  [1m[36mUser Load (0.8ms)[0m  [1m[34mSELECT  "users".* FROM "users" WHERE "users"."username" = $1 LIMIT $2[0m  [["username", "6969buffypussyslayer1"], ["LIMIT", 1]]
  ↳ app/models/user.rb:16
  Rendering api/users/show.json.jbuilder
  Rendered api/users/show.json.jbuilder (0.3ms)
Completed 200 OK in 187ms (Views: 4.2ms | ActiveRecord: 0.9ms)


Started DELETE "/api/session" for ::1 at 2020-02-29 20:39:31 -0800
Processing by Api::SessionsController#destroy as JSON
  [1m[36mUser Load (0.4ms)[0m  [1m[34mSELECT  "users".* FROM "users" WHERE "users"."session_token" = $1 LIMIT $2[0m  [["session_token", "kW1ESIdLAFzAjhBoUrHyBA"], ["LIMIT", 1]]
  ↳ app/controllers/application_controller.rb:4
  [1m[35m (0.1ms)[0m  [1m[35mBEGIN[0m
  ↳ app/models/user.rb:31
  [1m[36mUser Exists (0.4ms)[0m  [1m[34mSELECT  1 AS one FROM "users" WHERE "users"."username" = $1 AND "users"."id" != $2 LIMIT $3[0m  [["username", "6969buffypussyslayer1"], ["id", 5], ["LIMIT", 1]]
  ↳ app/models/user.rb:31
  [1m[36mUser Update (0.5ms)[0m  [1m[33mUPDATE "users" SET "session_token" = $1, "updated_at" = $2 WHERE "users"."id" = $3[0m  [["session_token", "gXPdlhjBSJsaQeztB8mm0Q"], ["updated_at", "2020-03-01 04:39:31.155855"], ["id", 5]]
  ↳ app/models/user.rb:31
  [1m[35m (0.7ms)[0m  [1m[35mCOMMIT[0m
  ↳ app/models/user.rb:31
Completed 200 OK in 6ms (Views: 0.1ms | ActiveRecord: 2.1ms)


Started GET "/" for ::1 at 2020-02-29 21:03:24 -0800
Processing by StaticPagesController#root as HTML
  Rendering static_pages/root.html within layouts/application
  Rendered static_pages/root.html within layouts/application (0.2ms)
Completed 200 OK in 24ms (Views: 22.0ms | ActiveRecord: 0.0ms)


Started GET "/" for ::1 at 2020-02-29 21:03:25 -0800
Processing by StaticPagesController#root as HTML
  Rendering static_pages/root.html within layouts/application
  Rendered static_pages/root.html within layouts/application (0.2ms)
Completed 200 OK in 20ms (Views: 18.8ms | ActiveRecord: 0.0ms)


Started GET "/" for ::1 at 2020-02-29 22:10:46 -0800
Processing by StaticPagesController#root as HTML
  Rendering static_pages/root.html within layouts/application
  Rendered static_pages/root.html within layouts/application (0.2ms)
Completed 200 OK in 257ms (Views: 255.8ms | ActiveRecord: 0.0ms)


Started GET "/" for ::1 at 2020-02-29 22:11:06 -0800
Processing by StaticPagesController#root as HTML
  Rendering static_pages/root.html within layouts/application
  Rendered static_pages/root.html within layouts/application (0.2ms)
Completed 200 OK in 19ms (Views: 17.6ms | ActiveRecord: 0.0ms)


Started GET "/" for ::1 at 2020-02-29 22:12:12 -0800
Processing by StaticPagesController#root as HTML
  Rendering static_pages/root.html within layouts/application
  Rendered static_pages/root.html within layouts/application (0.2ms)
Completed 200 OK in 252ms (Views: 250.8ms | ActiveRecord: 0.0ms)


Started GET "/" for ::1 at 2020-02-29 22:13:04 -0800
Processing by StaticPagesController#root as HTML
  Rendering static_pages/root.html within layouts/application
  Rendered static_pages/root.html within layouts/application (0.2ms)
Completed 200 OK in 262ms (Views: 260.9ms | ActiveRecord: 0.0ms)


Started GET "/" for ::1 at 2020-02-29 22:13:33 -0800
Processing by StaticPagesController#root as HTML
  Rendering static_pages/root.html within layouts/application
  Rendered static_pages/root.html within layouts/application (0.2ms)
Completed 200 OK in 262ms (Views: 260.1ms | ActiveRecord: 0.0ms)


Started GET "/" for ::1 at 2020-02-29 22:13:34 -0800
Processing by StaticPagesController#root as HTML
  Rendering static_pages/root.html within layouts/application
  Rendered static_pages/root.html within layouts/application (0.2ms)
Completed 200 OK in 23ms (Views: 21.3ms | ActiveRecord: 0.0ms)


Started GET "/" for ::1 at 2020-02-29 22:14:00 -0800
Processing by StaticPagesController#root as HTML
  Rendering static_pages/root.html within layouts/application
  Rendered static_pages/root.html within layouts/application (0.2ms)
Completed 200 OK in 268ms (Views: 266.1ms | ActiveRecord: 0.0ms)


Started GET "/" for ::1 at 2020-02-29 22:14:30 -0800
Processing by StaticPagesController#root as HTML
  Rendering static_pages/root.html within layouts/application
  Rendered static_pages/root.html within layouts/application (0.2ms)
Completed 200 OK in 264ms (Views: 262.3ms | ActiveRecord: 0.0ms)


Started POST "/api/session" for ::1 at 2020-02-29 22:14:30 -0800
Processing by Api::SessionsController#create as JSON
Completed 500 Internal Server Error in 1ms (ActiveRecord: 0.0ms)



NoMethodError - undefined method `[]' for nil:NilClass:
  app/controllers/api/sessions_controller.rb:4:in `create'

Started GET "/" for ::1 at 2020-02-29 22:15:40 -0800
Processing by StaticPagesController#root as HTML
  Rendering static_pages/root.html within layouts/application
  Rendered static_pages/root.html within layouts/application (0.2ms)
Completed 200 OK in 261ms (Views: 260.0ms | ActiveRecord: 0.0ms)


Started POST "/api/session" for ::1 at 2020-02-29 22:15:41 -0800
Processing by Api::SessionsController#create as JSON
Completed 500 Internal Server Error in 1ms (ActiveRecord: 0.0ms)



NoMethodError - undefined method `[]' for nil:NilClass:
  app/controllers/api/sessions_controller.rb:4:in `create'

Started GET "/" for ::1 at 2020-02-29 22:15:57 -0800
Processing by StaticPagesController#root as HTML
  Rendering static_pages/root.html within layouts/application
  Rendered static_pages/root.html within layouts/application (0.2ms)
Completed 200 OK in 19ms (Views: 18.1ms | ActiveRecord: 0.0ms)


Started POST "/api/session" for ::1 at 2020-02-29 22:15:58 -0800
Processing by Api::SessionsController#create as JSON
Completed 500 Internal Server Error in 1ms (ActiveRecord: 0.0ms)



NoMethodError - undefined method `[]' for nil:NilClass:
  app/controllers/api/sessions_controller.rb:4:in `create'

Started GET "/" for ::1 at 2020-02-29 22:15:58 -0800
Processing by StaticPagesController#root as HTML
  Rendering static_pages/root.html within layouts/application
  Rendered static_pages/root.html within layouts/application (0.2ms)
Completed 200 OK in 19ms (Views: 17.6ms | ActiveRecord: 0.0ms)


Started GET "/" for ::1 at 2020-02-29 22:15:58 -0800
Processing by StaticPagesController#root as HTML
  Rendering static_pages/root.html within layouts/application
  Rendered static_pages/root.html within layouts/application (0.2ms)
Completed 200 OK in 24ms (Views: 22.7ms | ActiveRecord: 0.0ms)


Started GET "/" for ::1 at 2020-02-29 22:15:58 -0800
Processing by StaticPagesController#root as HTML
  Rendering static_pages/root.html within layouts/application
  Rendered static_pages/root.html within layouts/application (0.2ms)
Completed 200 OK in 19ms (Views: 17.9ms | ActiveRecord: 0.0ms)


Started POST "/api/session" for ::1 at 2020-02-29 22:15:58 -0800
Processing by Api::SessionsController#create as JSON
Completed 500 Internal Server Error in 1ms (ActiveRecord: 0.0ms)



NoMethodError - undefined method `[]' for nil:NilClass:
  app/controllers/api/sessions_controller.rb:4:in `create'

Started GET "/" for ::1 at 2020-02-29 22:15:59 -0800
Processing by StaticPagesController#root as HTML
  Rendering static_pages/root.html within layouts/application
  Rendered static_pages/root.html within layouts/application (0.2ms)
Completed 200 OK in 21ms (Views: 19.2ms | ActiveRecord: 0.0ms)


Started POST "/api/session" for ::1 at 2020-02-29 22:15:59 -0800
Processing by Api::SessionsController#create as JSON
Completed 500 Internal Server Error in 1ms (ActiveRecord: 0.0ms)



NoMethodError - undefined method `[]' for nil:NilClass:
  app/controllers/api/sessions_controller.rb:4:in `create'

Started GET "/" for ::1 at 2020-02-29 22:18:44 -0800
Processing by StaticPagesController#root as HTML
  Rendering static_pages/root.html within layouts/application
  Rendered static_pages/root.html within layouts/application (0.3ms)
Completed 200 OK in 250ms (Views: 248.4ms | ActiveRecord: 0.0ms)


Started POST "/api/session" for ::1 at 2020-02-29 22:18:44 -0800
Processing by Api::SessionsController#create as JSON
Completed 500 Internal Server Error in 1ms (ActiveRecord: 0.0ms)



NoMethodError - undefined method `[]' for nil:NilClass:
  app/controllers/api/sessions_controller.rb:4:in `create'

Started GET "/" for ::1 at 2020-02-29 22:18:50 -0800
Processing by StaticPagesController#root as HTML
  Rendering static_pages/root.html within layouts/application
  Rendered static_pages/root.html within layouts/application (0.2ms)
Completed 200 OK in 23ms (Views: 21.4ms | ActiveRecord: 0.0ms)


Started GET "/" for ::1 at 2020-02-29 22:18:52 -0800
Processing by StaticPagesController#root as HTML
  Rendering static_pages/root.html within layouts/application
  Rendered static_pages/root.html within layouts/application (0.2ms)
Completed 200 OK in 19ms (Views: 17.7ms | ActiveRecord: 0.0ms)


Started POST "/api/session" for ::1 at 2020-02-29 22:18:55 -0800
Processing by Api::SessionsController#create as JSON
Completed 500 Internal Server Error in 1ms (ActiveRecord: 0.0ms)



NoMethodError - undefined method `[]' for nil:NilClass:
  app/controllers/api/sessions_controller.rb:4:in `create'

Started GET "/" for ::1 at 2020-02-29 22:18:58 -0800
Processing by StaticPagesController#root as HTML
  Rendering static_pages/root.html within layouts/application
  Rendered static_pages/root.html within layouts/application (0.2ms)
Completed 200 OK in 21ms (Views: 19.2ms | ActiveRecord: 0.0ms)


Started POST "/api/session" for ::1 at 2020-02-29 22:18:59 -0800
Processing by Api::SessionsController#create as JSON
Completed 500 Internal Server Error in 1ms (ActiveRecord: 0.0ms)



NoMethodError - undefined method `[]' for nil:NilClass:
  app/controllers/api/sessions_controller.rb:4:in `create'

Started GET "/" for ::1 at 2020-02-29 22:23:02 -0800
Processing by StaticPagesController#root as HTML
  Rendering static_pages/root.html within layouts/application
  Rendered static_pages/root.html within layouts/application (0.2ms)
Completed 200 OK in 256ms (Views: 254.6ms | ActiveRecord: 0.0ms)


Started POST "/api/session" for ::1 at 2020-02-29 22:23:03 -0800
Processing by Api::SessionsController#create as JSON
Completed 500 Internal Server Error in 1ms (ActiveRecord: 0.0ms)



NoMethodError - undefined method `[]' for nil:NilClass:
  app/controllers/api/sessions_controller.rb:4:in `create'

Started GET "/" for ::1 at 2020-02-29 22:23:05 -0800
Processing by StaticPagesController#root as HTML
  Rendering static_pages/root.html within layouts/application
  Rendered static_pages/root.html within layouts/application (0.2ms)
Completed 200 OK in 20ms (Views: 18.4ms | ActiveRecord: 0.0ms)


Started POST "/api/session" for ::1 at 2020-02-29 22:23:05 -0800
Processing by Api::SessionsController#create as JSON
Completed 500 Internal Server Error in 1ms (ActiveRecord: 0.0ms)



NoMethodError - undefined method `[]' for nil:NilClass:
  app/controllers/api/sessions_controller.rb:4:in `create'

Started GET "/" for ::1 at 2020-02-29 22:24:40 -0800
Processing by StaticPagesController#root as HTML
  Rendering static_pages/root.html within layouts/application
  Rendered static_pages/root.html within layouts/application (0.2ms)
Completed 200 OK in 267ms (Views: 266.0ms | ActiveRecord: 0.0ms)


Started GET "/" for ::1 at 2020-02-29 22:25:38 -0800
Processing by StaticPagesController#root as HTML
  Rendering static_pages/root.html within layouts/application
  Rendered static_pages/root.html within layouts/application (0.2ms)
Completed 200 OK in 23ms (Views: 21.3ms | ActiveRecord: 0.0ms)


Started POST "/api/session" for ::1 at 2020-02-29 22:25:38 -0800
Processing by Api::SessionsController#create as JSON
Completed 500 Internal Server Error in 1ms (ActiveRecord: 0.0ms)



NoMethodError - undefined method `[]' for nil:NilClass:
  app/controllers/api/sessions_controller.rb:4:in `create'

Started GET "/" for ::1 at 2020-02-29 22:26:14 -0800
Processing by StaticPagesController#root as HTML
  Rendering static_pages/root.html within layouts/application
  Rendered static_pages/root.html within layouts/application (0.2ms)
Completed 200 OK in 23ms (Views: 21.3ms | ActiveRecord: 0.0ms)


Started POST "/api/session" for ::1 at 2020-02-29 22:26:16 -0800
Processing by Api::SessionsController#create as JSON
Completed 500 Internal Server Error in 5ms (ActiveRecord: 0.0ms)



NoMethodError - undefined method `[]' for nil:NilClass:
  app/controllers/api/sessions_controller.rb:4:in `create'

Started GET "/" for ::1 at 2020-02-29 22:26:22 -0800
Processing by StaticPagesController#root as HTML
  Rendering static_pages/root.html within layouts/application
  Rendered static_pages/root.html within layouts/application (0.2ms)
Completed 200 OK in 20ms (Views: 18.9ms | ActiveRecord: 0.0ms)


Started POST "/api/session" for ::1 at 2020-02-29 22:26:23 -0800
Processing by Api::SessionsController#create as JSON
Completed 500 Internal Server Error in 2ms (ActiveRecord: 0.0ms)



NoMethodError - undefined method `[]' for nil:NilClass:
  app/controllers/api/sessions_controller.rb:4:in `create'

Started GET "/" for ::1 at 2020-02-29 22:26:24 -0800
Processing by StaticPagesController#root as HTML
  Rendering static_pages/root.html within layouts/application
  Rendered static_pages/root.html within layouts/application (0.2ms)
Completed 200 OK in 20ms (Views: 18.9ms | ActiveRecord: 0.0ms)


Started POST "/api/session" for ::1 at 2020-02-29 22:26:25 -0800
Processing by Api::SessionsController#create as JSON
Completed 500 Internal Server Error in 1ms (ActiveRecord: 0.0ms)



NoMethodError - undefined method `[]' for nil:NilClass:
  app/controllers/api/sessions_controller.rb:4:in `create'

